#
# A fatal error has been detected by the Java Runtime Environment:
#
#  EXCEPTION_ACCESS_VIOLATION (0xc0000005) at pc=0x000007fefe1a12a1, pid=956, tid=6052
#
# JRE version: 6.0_17-b04
# Java VM: Java HotSpot(TM) 64-Bit Server VM (14.3-b01 mixed mode windows-amd64 )
# Problematic frame:
# C  [ole32.dll+0x112a1]
#
# If you would like to submit a bug report, please visit:
#   http://java.sun.com/webapps/bugreport/crash.jsp
# The crash happened outside the Java Virtual Machine in native code.
# See problematic frame for where to report the bug.
#

---------------  T H R E A D  ---------------

Current thread (0x000000000e4e8000):  JavaThread "AWT-EventQueue-0" [_thread_in_native, id=6052, stack(0x000000000fa60000,0x000000000fae0000)]

siginfo: ExceptionCode=0xc0000005, reading address 0x0000000000000040

Registers:
EAX=0x0000000000000000, EBX=0x0000000000000000, ECX=0x0000000000000000, EDX=0x000007fefe336620
ESP=0x000000000fade600, EBP=0x000000000fade878, ESI=0x00000000651a81e8, EDI=0x0000000000000000
EIP=0x000007fefe1a12a1, EFLAGS=0x0000000000010246

Top of Stack: (sp=0x000000000fade600)
0x000000000fade600:   0000000000000000 0000000065b77db8
0x000000000fade610:   000000002d4b9a18 0000000062155260
0x000000000fade620:   0000000062155260 000007fefe1a1267
0x000000000fade630:   0000000000000000 00000000651a81e8
0x000000000fade640:   000000000fade878 0000000029739b94
0x000000000fade650:   0000000065a18f10 000007fefe303135
0x000000000fade660:   0000000062155260 000000000fade898
0x000000000fade670:   000000002cf0c3a0 000000002d4b9a18
0x000000000fade680:   0000000065a18f10 000007fefe2bde9d
0x000000000fade690:   0000000062155260 0000000065a18f10
0x000000000fade6a0:   00000000000405d8 0000000000009824
0x000000000fade6b0:   000000000e35e6b0 000000007a076bf6
0x000000000fade6c0:   0000000000000000 000000000fade878
0x000000000fade6d0:   00000000651a81e8 0000000000000000
0x000000000fade6e0:   0000000000000000 000000000e35e726
0x000000000fade6f0:   000000000fade690 00000000651a81e8 

Instructions: (pc=0x000007fefe1a12a1)
0x000007fefe1a1291:   89 5c 24 08 48 89 74 24 10 57 48 83 ec 20 33 ff
0x000007fefe1a12a1:   0f ba 61 40 08 48 8b d9 73 51 e8 30 8c 00 00 48 


Stack: [0x000000000fa60000,0x000000000fae0000],  sp=0x000000000fade600,  free space=505k
Native frames: (J=compiled Java code, j=interpreted, Vv=VM code, C=native code)
C  [ole32.dll+0x112a1]
j  sun.awt.windows.WComponentPeer.removeDropTarget(Ljava/awt/dnd/DropTarget;)V+18
j  java.awt.dnd.DropTarget.removeNotify(Ljava/awt/peer/ComponentPeer;)V+15
j  java.awt.Component.removeNotify()V+211
j  java.awt.Container.removeNotify()V+71
j  javax.swing.JComponent.removeNotify()V+1
j  javax.swing.text.JTextComponent.removeNotify()V+1
j  java.awt.Container.remove(I)V+55
j  java.awt.Container.remove(Ljava/awt/Component;)V+32
j  com.mathworks.hg.peer.AbstractUicontrolPeer.doRemoveControl()V+25
j  com.mathworks.hg.peer.AbstractUicontrolPeer$7.run()V+4

Java frames: (J=compiled Java code, j=interpreted, Vv=VM code)
j  sun.awt.windows.WComponentPeer.removeNativeDropTarget()V+0
j  sun.awt.windows.WComponentPeer.removeDropTarget(Ljava/awt/dnd/DropTarget;)V+18
j  java.awt.dnd.DropTarget.removeNotify(Ljava/awt/peer/ComponentPeer;)V+15
j  java.awt.Component.removeNotify()V+211
j  java.awt.Container.removeNotify()V+71
j  javax.swing.JComponent.removeNotify()V+1
j  javax.swing.text.JTextComponent.removeNotify()V+1
j  java.awt.Container.remove(I)V+55
j  java.awt.Container.remove(Ljava/awt/Component;)V+32
j  com.mathworks.hg.peer.AbstractUicontrolPeer.doRemoveControl()V+25
j  com.mathworks.hg.peer.AbstractUicontrolPeer$7.run()V+4
J  com.mathworks.hg.util.HGPeerQueue$HGPeerRunnablesRunner.runit(Z[I)V
j  com.mathworks.hg.util.HGPeerQueue$HGPeerRunnablesRunner.runThese(I)V+9
j  com.mathworks.hg.util.HGPeerQueue$HGPeerRunnablesRunner.run()V+8
J  java.awt.event.InvocationEvent.dispatch()V
J  java.awt.EventDispatchThread.pumpOneEventForFilters(I)Z
J  java.awt.EventDispatchThread.pumpEventsForFilter(ILjava/awt/Conditional;Ljava/awt/EventFilter;)V
j  java.awt.EventDispatchThread.pumpEventsForHierarchy(ILjava/awt/Conditional;Ljava/awt/Component;)V+11
j  java.awt.EventDispatchThread.pumpEvents(ILjava/awt/Conditional;)V+4
j  java.awt.EventDispatchThread.pumpEvents(Ljava/awt/Conditional;)V+3
j  java.awt.EventDispatchThread.run()V+9
v  ~StubRoutines::call_stub

---------------  P R O C E S S  ---------------

Java Threads: ( => current thread )
  0x000000000e4e9800 JavaThread "Foxtrot Multi Worker Thread Runner #1" daemon [_thread_blocked, id=5428, stack(0x0000000061ac0000,0x0000000061b40000)]
  0x000000000e4ef800 JavaThread "Timer-7" daemon [_thread_blocked, id=2632, stack(0x0000000048c00000,0x0000000048c80000)]
  0x000000000e4ee800 JavaThread "Explorer NavigationContext request queue" [_thread_blocked, id=1292, stack(0x0000000050eb0000,0x0000000050f30000)]
  0x000000000e4ed800 JavaThread "AddressBar directory emptiness poller" [_thread_blocked, id=2648, stack(0x0000000044ae0000,0x0000000044b60000)]
  0x000000000e4ec000 JavaThread "Timer-1" [_thread_blocked, id=6012, stack(0x000000000ff60000,0x000000000ffe0000)]
  0x000000000e4e9000 JavaThread "TimerQueue" daemon [_thread_blocked, id=5504, stack(0x0000000010ee0000,0x0000000010f60000)]
=>0x000000000e4e8000 JavaThread "AWT-EventQueue-0" [_thread_in_native, id=6052, stack(0x000000000fa60000,0x000000000fae0000)]
  0x000000000e4e7800 JavaThread "AWT-Shutdown" [_thread_blocked, id=2080, stack(0x000000000f8b0000,0x000000000f930000)]
  0x000000005978f000 JavaThread "FelixPackageAdmin" daemon [_thread_blocked, id=2284, stack(0x000000000fcf0000,0x000000000fd70000)]
  0x000000000e55b000 JavaThread "FelixStartLevel" daemon [_thread_blocked, id=4524, stack(0x000000000fb20000,0x000000000fba0000)]
  0x00000000596b8800 JavaThread "FelixDispatchQueue" daemon [_thread_blocked, id=5236, stack(0x000000000f7f0000,0x000000000f870000)]
  0x000000000e496800 JavaThread "com.google.common.base.internal.Finalizer" daemon [_thread_blocked, id=5516, stack(0x000000000f760000,0x000000000f7e0000)]
  0x000000000e946800 JavaThread "AWT-Windows" daemon [_thread_in_native, id=5352, stack(0x000000000f370000,0x000000000f3f0000)]
  0x000000000de20800 JavaThread "Java2D Disposer" daemon [_thread_blocked, id=4476, stack(0x000000000f460000,0x000000000f4e0000)]
  0x000000000f04e000 JavaThread "Timer-0" [_thread_blocked, id=4688, stack(0x000000000e170000,0x000000000e1f0000)]
  0x000000000ef2c800 JavaThread "EventMgr Dispatcher" daemon [_thread_in_native, id=1276, stack(0x0000000010fd0000,0x0000000014fd0000)]
  0x000000000ddf7000 JavaThread "Low Memory Detector" daemon [_thread_blocked, id=5084, stack(0x000000000e200000,0x000000000e280000)]
  0x000000000ddef800 JavaThread "CompilerThread1" daemon [_thread_blocked, id=5484, stack(0x000000006a3a0000,0x000000006e3a0000)]
  0x000000000dde4000 JavaThread "CompilerThread0" daemon [_thread_blocked, id=5564, stack(0x0000000055080000,0x0000000059080000)]
  0x000000000dde2800 JavaThread "Attach Listener" daemon [_thread_blocked, id=2108, stack(0x000000000e0d0000,0x000000000e150000)]
  0x000000000dd8a000 JavaThread "Finalizer" daemon [_thread_blocked, id=4156, stack(0x000000000df50000,0x000000000dfd0000)]
  0x000000000dd84000 JavaThread "Reference Handler" daemon [_thread_blocked, id=4960, stack(0x000000000e030000,0x000000000e0b0000)]
  0x0000000005457000 JavaThread "main" [_thread_in_native, id=4492, stack(0x0000000000210000,0x0000000004210000)]

Other Threads:
  0x000000000550f800 VMThread [stack: 0x0000000050fc0000,0x0000000054fc0000] [id=4448]
  0x000000000de22800 WatcherThread [stack: 0x000000006e520000,0x0000000072520000] [id=4648]

VM state:not at safepoint (normal execution)

VM Mutex/Monitor currently owned by a thread: None

Heap
 PSYoungGen      total 22400K, used 11529K [0x000000003d7f0000, 0x000000003f850000, 0x00000000408f0000)
  eden space 21888K, 50% used [0x000000003d7f0000,0x000000003e2bd708,0x000000003ed50000)
  from space 512K, 91% used [0x000000003edf0000,0x000000003ee650c0,0x000000003ee70000)
  to   space 5632K, 0% used [0x000000003f2d0000,0x000000003f2d0000,0x000000003f850000)
 PSOldGen        total 71936K, used 50136K [0x00000000344f0000, 0x0000000038b30000, 0x000000003d7f0000)
  object space 71936K, 69% used [0x00000000344f0000,0x00000000375e6258,0x0000000038b30000)
 PSPermGen       total 114368K, used 57286K [0x000000002c4f0000, 0x00000000334a0000, 0x00000000344f0000)
  object space 114368K, 50% used [0x000000002c4f0000,0x000000002fce1a38,0x00000000334a0000)

Dynamic libraries:
0x000000013f620000 - 0x000000013f652000 	C:\Program Files\MATLAB\R2012a\bin\win64\MATLAB.exe
0x0000000076fc0000 - 0x0000000077169000 	C:\Windows\SYSTEM32\ntdll.dll
0x0000000076da0000 - 0x0000000076ebf000 	C:\Windows\system32\kernel32.dll
0x000007fefc580000 - 0x000007fefc5eb000 	C:\Windows\system32\KERNELBASE.dll
0x0000000074460000 - 0x0000000074554000 	C:\Program Files\MATLAB\R2012a\bin\win64\libut.dll
0x00000000758a0000 - 0x0000000075952000 	C:\Program Files\MATLAB\R2012a\bin\win64\libmwi18n.dll
0x0000000180000000 - 0x000000018000b000 	C:\Program Files\MATLAB\R2012a\bin\win64\libmwresource_core.dll
0x00000000736f0000 - 0x00000000737c3000 	C:\Windows\WinSxS\amd64_microsoft.vc90.crt_1fc8b3b9a1e18e3b_9.0.30729.4940_none_08e4299fa83d7e3c\MSVCP90.dll
0x0000000073800000 - 0x000000007389d000 	C:\Windows\WinSxS\amd64_microsoft.vc90.crt_1fc8b3b9a1e18e3b_9.0.30729.4940_none_08e4299fa83d7e3c\MSVCR90.dll
0x000000007a170000 - 0x000000007a19c000 	C:\Program Files\MATLAB\R2012a\bin\win64\boost_filesystem-vc90-mt-1_44.dll
0x000000007a560000 - 0x000000007a569000 	C:\Program Files\MATLAB\R2012a\bin\win64\boost_system-vc90-mt-1_44.dll
0x000007fefe470000 - 0x000007fefe54b000 	C:\Windows\system32\ADVAPI32.dll
0x000007fefe550000 - 0x000007fefe5ef000 	C:\Windows\system32\msvcrt.dll
0x000007fefc7c0000 - 0x000007fefc7df000 	C:\Windows\SYSTEM32\sechost.dll
0x000007fefddb0000 - 0x000007fefdedd000 	C:\Windows\system32\RPCRT4.dll
0x000000007a010000 - 0x000000007a035000 	C:\Program Files\MATLAB\R2012a\bin\win64\LIBEXPAT.dll
0x0000000066910000 - 0x0000000066b01000 	C:\Program Files\MATLAB\R2012a\bin\win64\icuin44.dll
0x0000000067e50000 - 0x0000000067fc1000 	C:\Program Files\MATLAB\R2012a\bin\win64\icuuc44.dll
0x0000000010000000 - 0x0000000010e41000 	C:\Program Files\MATLAB\R2012a\bin\win64\icudt44.dll
0x0000000073f70000 - 0x00000000740ad000 	C:\Program Files\MATLAB\R2012a\bin\win64\libmwfl.dll
0x0000000004250000 - 0x0000000004546000 	C:\Program Files\MATLAB\R2012a\bin\win64\libmwMATLAB_res.dll
0x000000007a3b0000 - 0x000000007a3c0000 	C:\Program Files\MATLAB\R2012a\bin\win64\boost_date_time-vc90-mt-1_44.dll
0x000000007a250000 - 0x000000007a263000 	C:\Program Files\MATLAB\R2012a\bin\win64\boost_signals-vc90-mt-1_44.dll
0x000000007a2d0000 - 0x000000007a2e2000 	C:\Program Files\MATLAB\R2012a\bin\win64\boost_thread-vc90-mt-1_44.dll
0x0000000004590000 - 0x00000000045d6000 	C:\Program Files\MATLAB\R2012a\bin\win64\tbb.dll
0x000007fefcd70000 - 0x000007fefcd87000 	C:\Windows\system32\imagehlp.dll
0x0000000077180000 - 0x0000000077187000 	C:\Windows\system32\PSAPI.DLL
0x0000000074b70000 - 0x0000000074b83000 	C:\Program Files\MATLAB\R2012a\bin\win64\icuio44.dll
0x000007fef3280000 - 0x000007fef33a5000 	C:\Windows\system32\dbghelp.dll
0x0000000076ec0000 - 0x0000000076fba000 	C:\Windows\system32\USER32.dll
0x000007fefe5f0000 - 0x000007fefe657000 	C:\Windows\system32\GDI32.dll
0x000007fefc710000 - 0x000007fefc71e000 	C:\Windows\system32\LPK.dll
0x000007fefcca0000 - 0x000007fefcd69000 	C:\Windows\system32\USP10.dll
0x000000007bed0000 - 0x000000007c183000 	C:\Program Files\MATLAB\R2012a\bin\win64\libmwservices.dll
0x0000000075a20000 - 0x0000000075ae2000 	C:\Program Files\MATLAB\R2012a\bin\win64\libmx.dll
0x000000007a210000 - 0x000000007a228000 	C:\Program Files\MATLAB\R2012a\bin\win64\zlib1.dll
0x0000000004630000 - 0x0000000004651000 	C:\Program Files\MATLAB\R2012a\bin\win64\libmwmfl_scalar.dll
0x0000000075f10000 - 0x0000000075f5d000 	C:\Program Files\MATLAB\R2012a\bin\win64\mpath.dll
0x000000007b680000 - 0x000000007bbe1000 	C:\Program Files\MATLAB\R2012a\bin\win64\mlutil.dll
0x0000000074af0000 - 0x0000000074b6f000 	C:\Program Files\MATLAB\R2012a\bin\win64\xmlcore.dll
0x000000007bc30000 - 0x000000007be83000 	C:\Program Files\MATLAB\R2012a\bin\win64\xerces-c_2_7.dll
0x000007fefe420000 - 0x000007fefe46d000 	C:\Windows\system32\WS2_32.dll
0x000007fefdda0000 - 0x000007fefdda8000 	C:\Windows\system32\NSI.dll
0x00000000046b0000 - 0x00000000046ca000 	C:\Program Files\MATLAB\R2012a\bin\win64\libmwMATLAB_settings_res.dll
0x00000000046e0000 - 0x0000000004727000 	C:\Program Files\MATLAB\R2012a\bin\win64\boost_serialization-vc90-mt-1_44.dll
0x000007fefcd90000 - 0x000007fefdb18000 	C:\Windows\system32\SHELL32.dll
0x000007fefcc20000 - 0x000007fefcc91000 	C:\Windows\system32\SHLWAPI.dll
0x000007fef33b0000 - 0x000007fef3450000 	C:\Windows\WinSxS\amd64_microsoft.windows.common-controls_6595b64144ccf1df_5.82.7601.17514_none_a4d6a923711520a9\COMCTL32.dll
0x000007fefc720000 - 0x000007fefc7b7000 	C:\Windows\system32\COMDLG32.dll
0x000007fefa2b0000 - 0x000007fefa2c6000 	C:\Windows\system32\NETAPI32.dll
0x000007fefa2a0000 - 0x000007fefa2ac000 	C:\Windows\system32\netutils.dll
0x000007fefbea0000 - 0x000007fefbec3000 	C:\Windows\system32\srvcli.dll
0x000007fefa280000 - 0x000007fefa295000 	C:\Windows\system32\wkscli.dll
0x000007fefe190000 - 0x000007fefe393000 	C:\Windows\system32\ole32.dll
0x000007fefdc60000 - 0x000007fefdd37000 	C:\Windows\system32\OLEAUT32.dll
0x0000000004740000 - 0x00000000048d6000 	C:\Program Files\MATLAB\R2012a\bin\win64\mcr.dll
0x0000000075000000 - 0x000000007536b000 	C:\Program Files\MATLAB\R2012a\bin\win64\iqm.dll
0x000000005fd20000 - 0x0000000060541000 	C:\Program Files\MATLAB\R2012a\bin\win64\m_interpreter.dll
0x0000000074ac0000 - 0x0000000074ae5000 	C:\Program Files\MATLAB\R2012a\bin\win64\libmex.dll
0x0000000074a00000 - 0x0000000074ab3000 	C:\Program Files\MATLAB\R2012a\bin\win64\m_dispatcher.dll
0x0000000074880000 - 0x000000007496d000 	C:\Program Files\MATLAB\R2012a\bin\win64\boost_regex-vc90-mt-1_44.dll
0x0000000068f30000 - 0x0000000068fb4000 	C:\Program Files\MATLAB\R2012a\bin\win64\profiler.dll
0x0000000004950000 - 0x0000000004ba5000 	C:\Program Files\MATLAB\R2012a\bin\win64\libmwmathutil.dll
0x0000000079f40000 - 0x0000000079f6d000 	C:\Program Files\MATLAB\R2012a\bin\win64\libmwmathrng.dll
0x0000000074c10000 - 0x0000000074ced000 	C:\Program Files\MATLAB\R2012a\bin\win64\libmwmathcore.dll
0x0000000076160000 - 0x00000000761cb000 	C:\Program Files\MATLAB\R2012a\bin\win64\libmwspmatrix.dll
0x0000000075ea0000 - 0x0000000075f02000 	C:\Program Files\MATLAB\R2012a\bin\win64\libmwcholmod.dll
0x000000007a460000 - 0x000000007a46d000 	C:\Program Files\MATLAB\R2012a\bin\win64\libmwamd.dll
0x000000007a4b0000 - 0x000000007a4bc000 	C:\Program Files\MATLAB\R2012a\bin\win64\libmwcolamd.dll
0x00000000749a0000 - 0x00000000749b9000 	C:\Program Files\MATLAB\R2012a\bin\win64\libmwblas.dll
0x0000000074980000 - 0x0000000074992000 	C:\Program Files\MATLAB\R2012a\bin\win64\libmwbinder.dll
0x0000000074970000 - 0x000000007497b000 	C:\Program Files\MATLAB\R2012a\bin\win64\libmwompwrapper.dll
0x0000000069230000 - 0x00000000692b6000 	C:\Program Files\MATLAB\R2012a\bin\win64\libmwlapack.dll
0x0000000004c60000 - 0x0000000004c81000 	C:\Program Files\MATLAB\R2012a\bin\win64\m_pcodeio.dll
0x0000000079b10000 - 0x0000000079b77000 	C:\Program Files\MATLAB\R2012a\bin\win64\m_ir.dll
0x000000005f6d0000 - 0x000000005fd20000 	C:\Program Files\MATLAB\R2012a\bin\win64\m_parser.dll
0x0000000073950000 - 0x000000007396a000 	C:\Program Files\MATLAB\R2012a\bin\win64\ir_xfmr.dll
0x00000000616a0000 - 0x0000000061919000 	C:\Program Files\MATLAB\R2012a\bin\win64\mcos.dll
0x0000000073940000 - 0x000000007394c000 	C:\Program Files\MATLAB\R2012a\bin\win64\mtok.dll
0x0000000073900000 - 0x0000000073931000 	C:\Program Files\MATLAB\R2012a\bin\win64\m_pcodegen.dll
0x0000000079fb0000 - 0x0000000079fe7000 	C:\Program Files\MATLAB\R2012a\bin\win64\libmwbridge.dll
0x0000000068be0000 - 0x0000000068ca8000 	C:\Program Files\MATLAB\R2012a\bin\win64\udd.dll
0x00000000627c0000 - 0x0000000062912000 	C:\Program Files\MATLAB\R2012a\bin\win64\libmwgui.dll
0x000000006a270000 - 0x000000006a287000 	C:\Program Files\MATLAB\R2012a\bin\win64\graphics_util.dll
0x000000005c9f0000 - 0x000000005d393000 	C:\Program Files\MATLAB\R2012a\bin\win64\hg.dll
0x0000000004d50000 - 0x0000000004db7000 	C:\Program Files\MATLAB\R2012a\bin\win64\libmat.dll
0x0000000072d30000 - 0x0000000072f44000 	C:\Program Files\MATLAB\R2012a\bin\win64\hdf5dll.dll
0x0000000075710000 - 0x00000000757c1000 	C:\Program Files\MATLAB\R2012a\bin\win64\jmi.dll
0x0000000004df0000 - 0x0000000004dfe000 	C:\Program Files\MATLAB\R2012a\bin\win64\nativejava_services.dll
0x0000000068ee0000 - 0x0000000068f22000 	C:\Program Files\MATLAB\R2012a\bin\win64\libmwhardcopy.dll
0x0000000068d40000 - 0x0000000068d9a000 	C:\Program Files\MATLAB\R2012a\bin\win64\libuij.dll
0x000000005f4c0000 - 0x000000005f6cc000 	C:\Program Files\MATLAB\R2012a\bin\win64\hgdatatypes.dll
0x00000000682c0000 - 0x00000000683bd000 	C:\Program Files\MATLAB\R2012a\bin\win64\hgutils.dll
0x00000000680d0000 - 0x000000006818d000 	C:\Program Files\MATLAB\R2012a\bin\win64\udd_mi.dll
0x0000000004e60000 - 0x0000000004e9b000 	C:\Program Files\MATLAB\R2012a\bin\win64\libmwgbtutils.dll
0x0000000004eb0000 - 0x0000000004ec9000 	C:\Program Files\MATLAB\R2012a\bin\win64\libmwgbt.dll
0x0000000004ee0000 - 0x00000000051aa000 	C:\Program Files\MATLAB\R2012a\bin\win64\uiw.dll
0x0000000069220000 - 0x000000006922f000 	C:\Program Files\MATLAB\R2012a\bin\win64\uinone.dll
0x000007fef6ff0000 - 0x000007fef7008000 	C:\Windows\system32\MPR.dll
0x000000005efd0000 - 0x000000005f4b4000 	C:\Windows\WinSxS\amd64_microsoft.vc90.mfc_1fc8b3b9a1e18e3b_9.0.30729.4148_none_04480933ab2137b1\mfc90.dll
0x000007fefa3a0000 - 0x000007fefa3a7000 	C:\Windows\system32\MSIMG32.dll
0x000007fef7020000 - 0x000007fef7091000 	C:\Windows\system32\WINSPOOL.DRV
0x0000000069110000 - 0x0000000069130000 	C:\Program Files\MATLAB\R2012a\bin\win64\mwoles05.DLL
0x0000000067dd0000 - 0x0000000067e4c000 	C:\Program Files\MATLAB\R2012a\bin\win64\comcli.dll
0x00000000737d0000 - 0x00000000737ff000 	C:\Windows\WinSxS\amd64_microsoft.vc90.atl_1fc8b3b9a1e18e3b_9.0.30729.4148_none_0a1d2fcba76b3f00\ATL90.DLL
0x000000006a260000 - 0x000000006a26c000 	C:\Program Files\MATLAB\R2012a\bin\win64\mlautoregister.dll
0x0000000005200000 - 0x0000000005210000 	C:\Program Files\MATLAB\R2012a\bin\win64\boost_iostreams-vc90-mt-1_44.dll
0x000007fefdc30000 - 0x000007fefdc5e000 	C:\Windows\system32\IMM32.DLL
0x000007fefdb20000 - 0x000007fefdc29000 	C:\Windows\system32\MSCTF.dll
0x000007fefab90000 - 0x000007fefabe6000 	C:\Windows\system32\UxTheme.dll
0x000007fefa670000 - 0x000007fefa688000 	C:\Windows\system32\dwmapi.dll
0x00000000731a0000 - 0x00000000731af000 	C:\Windows\WinSxS\amd64_microsoft.vc90.mfcloc_1fc8b3b9a1e18e3b_9.0.30729.4148_none_01c6b44660ce74c3\MFC90ESN.DLL
0x0000000006fa0000 - 0x0000000006fc9000 	C:\Program Files\MATLAB\R2012a\bin\win64\tbbmalloc.dll
0x0000000078870000 - 0x0000000078ecd000 	C:\Program Files\MATLAB\R2012a\sys\java\jre\win64\jre\bin\server\jvm.dll
0x000007fef6bd0000 - 0x000007fef6c0b000 	C:\Windows\system32\WINMM.dll
0x000007fefc2a0000 - 0x000007fefc2af000 	C:\Windows\system32\profapi.dll
0x000007fef97d0000 - 0x000007fef97f7000 	C:\Windows\system32\iphlpapi.dll
0x000007fefa190000 - 0x000007fefa19b000 	C:\Windows\system32\WINNSI.DLL
0x000007fefb950000 - 0x000007fefb9ab000 	C:\Windows\system32\DNSAPI.dll
0x000007fef9870000 - 0x000007fef9888000 	C:\Windows\system32\dhcpcsvc.DLL
0x000007fef9410000 - 0x000007fef9421000 	C:\Windows\system32\dhcpcsvc6.DLL
0x0000000069100000 - 0x0000000069103000 	C:\Windows\system32\icmp.Dll
0x000007fefc190000 - 0x000007fefc19f000 	C:\Windows\system32\CRYPTBASE.dll
0x000007fefc5f0000 - 0x000007fefc626000 	C:\Windows\system32\CFGMGR32.dll
0x000007fefc670000 - 0x000007fefc709000 	C:\Windows\system32\CLBCatQ.DLL
0x000000007a440000 - 0x000000007a44e000 	C:\Program Files\MATLAB\R2012a\sys\java\jre\win64\jre\bin\verify.dll
0x000000007a070000 - 0x000000007a097000 	C:\Program Files\MATLAB\R2012a\sys\java\jre\win64\jre\bin\java.dll
0x000000007a540000 - 0x000000007a54a000 	C:\Program Files\MATLAB\R2012a\sys\java\jre\win64\jre\bin\hpi.dll

VM Arguments:
jvm_args: -Xss512k -XX:PermSize=32m -Xms64m -XX:NewRatio=3 -XX:MaxPermSize=128m -Xmx196m -XX:MaxDirectMemorySize=2147400000 -Dsun.java2d.noddraw=true -Dsun.awt.nopixfmt=true -Xshare:off -Xrs -Dsun.awt.disableMixing=true -Djava.library.path=C:\Program Files\MATLAB\R2012a\bin\win64 vfprintf abort 
java_command: <unknown>
Launcher Type: generic

Environment Variables:
CLASSPATH=.;C:\Program Files (x86)\Java\jre7\lib\ext\QTJava.zip
PATH=C:\Program Files\Broadcom\Broadcom 802.11 Network Adapter;C:\Windows\system32;C:\Windows;C:\Windows\System32\Wbem;C:\Windows\System32\WindowsPowerShell\v1.0\;C:\Program Files (x86)\Intel\OpenCL SDK\2.0\bin\x86;C:\Program Files (x86)\Intel\OpenCL SDK\2.0\bin\x64;C:\Program Files\Intel\Intel(R) Management Engine Components\DAL;C:\Program Files\Intel\Intel(R) Management Engine Components\IPT;C:\Program Files (x86)\Intel\Intel(R) Management Engine Components\DAL;C:\Program Files (x86)\Intel\Intel(R) Management Engine Components\IPT;C:\Program Files\MATLAB\R2012a\runtime\win64;C:\Program Files\MATLAB\R2012a\bin;C:\Program Files (x86)\QT Lite\QTSystem\
USERNAME=Usuario
OS=Windows_NT
PROCESSOR_IDENTIFIER=Intel64 Family 6 Model 58 Stepping 9, GenuineIntel



---------------  S Y S T E M  ---------------

OS: Windows 7 Build 7601 Service Pack 1

CPU:total 4 (8 cores per cpu, 2 threads per core) family 6 model 58 stepping 9, cmov, cx8, fxsr, mmx, sse, sse2, sse3, ssse3, sse4.1, sse4.2, ht

Memory: 4k page, physical 4028780k(2086612k free), swap 8055716k(5705988k free)

vm_info: Java HotSpot(TM) 64-Bit Server VM (14.3-b01) for windows-amd64 JRE (1.6.0_17-b04), built on Oct 11 2009 00:46:08 by "java_re" with MS VC++ 8.0

time: Mon Mar 18 20:23:17 2013
elapsed time: 1119 seconds

